<?xml version="1.0" encoding="UTF-8"?>
<!-- Generated by org.testng.reporters.JUnitReportReporter -->
<testsuite skipped="0" hostname="ganesh-PC" name="testing.Test1" tests="1" failures="0" timestamp="01 May 2019 06:26:59 GMT" time="0.024" errors="0">
  <testcase name="Method" time="0.024" classname="testing.Test1"/>
</testsuite> <!-- testing.Test1 -->
