<?xml version="1.0" encoding="UTF-8"?>
<!-- Generated by org.testng.reporters.JUnitReportReporter -->
<testsuite skipped="0" hostname="ganesh-PC" name="testing.Test2" tests="1" failures="0" timestamp="01 May 2019 06:26:59 GMT" time="0.002" errors="0">
  <testcase name="Method4" time="0.002" classname="testing.Test2"/>
</testsuite> <!-- testing.Test2 -->
